mode: set
es-cli/odfe-cli/commands/profile.go:53.47,55.17 2 0
es-cli/odfe-cli/commands/profile.go:59.3,60.17 2 0
es-cli/odfe-cli/commands/profile.go:55.17,58.4 2 0
es-cli/odfe-cli/commands/profile.go:60.17,63.4 2 0
es-cli/odfe-cli/commands/profile.go:67.50,69.16 2 0
es-cli/odfe-cli/commands/profile.go:72.2,72.38 1 0
es-cli/odfe-cli/commands/profile.go:69.16,71.3 1 0
es-cli/odfe-cli/commands/profile.go:81.47,82.51 1 0
es-cli/odfe-cli/commands/profile.go:82.51,85.4 2 0
es-cli/odfe-cli/commands/profile.go:89.66,90.23 1 0
es-cli/odfe-cli/commands/profile.go:94.2,95.16 2 0
es-cli/odfe-cli/commands/profile.go:98.2,98.50 1 0
es-cli/odfe-cli/commands/profile.go:90.23,93.3 2 0
es-cli/odfe-cli/commands/profile.go:95.16,97.3 1 0
es-cli/odfe-cli/commands/profile.go:102.13,106.2 3 1
es-cli/odfe-cli/commands/profile.go:109.76,111.16 2 0
es-cli/odfe-cli/commands/profile.go:114.2,116.31 3 0
es-cli/odfe-cli/commands/profile.go:111.16,113.3 1 0
es-cli/odfe-cli/commands/profile.go:120.126,122.16 2 1
es-cli/odfe-cli/commands/profile.go:125.2,126.67 2 0
es-cli/odfe-cli/commands/profile.go:129.2,129.12 1 0
es-cli/odfe-cli/commands/profile.go:122.16,124.3 1 0
es-cli/odfe-cli/commands/profile.go:126.67,128.3 1 0
es-cli/odfe-cli/commands/profile.go:133.73,135.6 2 0
es-cli/odfe-cli/commands/profile.go:142.2,150.3 4 0
es-cli/odfe-cli/commands/profile.go:135.6,137.37 2 0
es-cli/odfe-cli/commands/profile.go:140.3,140.50 1 0
es-cli/odfe-cli/commands/profile.go:137.37,138.9 1 0
es-cli/odfe-cli/commands/profile.go:154.75,159.24 4 0
es-cli/odfe-cli/commands/profile.go:162.2,162.36 1 0
es-cli/odfe-cli/commands/profile.go:159.24,161.3 1 0
es-cli/odfe-cli/commands/profile.go:166.46,167.20 1 0
es-cli/odfe-cli/commands/profile.go:171.2,171.13 1 0
es-cli/odfe-cli/commands/profile.go:167.20,170.3 2 0
es-cli/odfe-cli/commands/profile.go:176.81,179.16 3 0
es-cli/odfe-cli/commands/profile.go:183.2,184.21 2 0
es-cli/odfe-cli/commands/profile.go:187.2,188.14 2 0
es-cli/odfe-cli/commands/profile.go:179.16,182.3 2 0
es-cli/odfe-cli/commands/profile.go:184.21,186.3 1 0
es-cli/odfe-cli/commands/root.go:43.31,45.2 1 1
es-cli/odfe-cli/commands/root.go:48.22,51.2 2 0
es-cli/odfe-cli/commands/root.go:53.40,59.2 1 1
es-cli/odfe-cli/commands/root.go:61.46,62.50 1 1
es-cli/odfe-cli/commands/root.go:65.2,65.40 1 0
es-cli/odfe-cli/commands/root.go:68.2,68.11 1 0
es-cli/odfe-cli/commands/root.go:62.50,64.3 1 1
es-cli/odfe-cli/commands/root.go:65.40,67.3 1 0
es-cli/odfe-cli/commands/root.go:71.13,75.2 3 1
es-cli/odfe-cli/commands/root.go:78.64,80.27 1 1
es-cli/odfe-cli/commands/root.go:83.2,83.57 1 1
es-cli/odfe-cli/commands/root.go:86.2,86.61 1 0
es-cli/odfe-cli/commands/root.go:89.2,89.40 1 0
es-cli/odfe-cli/commands/root.go:80.27,82.3 1 1
es-cli/odfe-cli/commands/root.go:83.57,85.3 1 1
es-cli/odfe-cli/commands/root.go:86.61,88.3 1 0
es-cli/odfe-cli/commands/root.go:94.49,96.31 2 0
es-cli/odfe-cli/commands/root.go:99.2,100.27 2 0
es-cli/odfe-cli/commands/root.go:106.2,107.16 2 0
es-cli/odfe-cli/commands/root.go:110.2,110.18 1 0
es-cli/odfe-cli/commands/root.go:96.31,98.3 1 0
es-cli/odfe-cli/commands/root.go:100.27,102.17 2 0
es-cli/odfe-cli/commands/root.go:102.17,104.4 1 0
es-cli/odfe-cli/commands/root.go:107.16,109.3 1 0
es-cli/odfe-cli/commands/root.go:115.33,116.49 1 0
es-cli/odfe-cli/commands/root.go:119.2,119.13 1 0
es-cli/odfe-cli/commands/root.go:116.49,118.3 1 0
es-cli/odfe-cli/commands/root.go:123.46,124.16 1 0
es-cli/odfe-cli/commands/root.go:124.16,128.3 3 0
