mode: set
es-cli/odfe-cli/controller/config/config.go:37.62,39.16 2 1
es-cli/odfe-cli/controller/config/config.go:42.2,43.8 2 1
es-cli/odfe-cli/controller/config/config.go:39.16,41.3 1 1
es-cli/odfe-cli/controller/config/config.go:47.61,49.16 2 1
es-cli/odfe-cli/controller/config/config.go:52.2,52.15 1 1
es-cli/odfe-cli/controller/config/config.go:55.2,56.16 2 1
es-cli/odfe-cli/controller/config/config.go:59.2,60.16 2 1
es-cli/odfe-cli/controller/config/config.go:63.2,63.20 1 1
es-cli/odfe-cli/controller/config/config.go:49.16,51.3 1 0
es-cli/odfe-cli/controller/config/config.go:52.15,54.3 1 1
es-cli/odfe-cli/controller/config/config.go:56.16,58.3 1 0
es-cli/odfe-cli/controller/config/config.go:60.16,62.3 1 0
es-cli/odfe-cli/controller/config/config.go:67.34,71.2 1 1
es-cli/odfe-cli/controller/profile/profile.go:46.42,50.2 1 1
es-cli/odfe-cli/controller/profile/profile.go:53.61,55.16 2 1
es-cli/odfe-cli/controller/profile/profile.go:58.2,58.27 1 1
es-cli/odfe-cli/controller/profile/profile.go:55.16,57.3 1 1
es-cli/odfe-cli/controller/profile/profile.go:62.57,64.16 2 1
es-cli/odfe-cli/controller/profile/profile.go:67.2,68.35 2 1
es-cli/odfe-cli/controller/profile/profile.go:71.2,71.19 1 1
es-cli/odfe-cli/controller/profile/profile.go:64.16,66.3 1 1
es-cli/odfe-cli/controller/profile/profile.go:68.35,70.3 1 1
es-cli/odfe-cli/controller/profile/profile.go:75.73,77.16 2 1
es-cli/odfe-cli/controller/profile/profile.go:80.2,81.29 2 1
es-cli/odfe-cli/controller/profile/profile.go:84.2,84.20 1 1
es-cli/odfe-cli/controller/profile/profile.go:77.16,79.3 1 1
es-cli/odfe-cli/controller/profile/profile.go:81.29,83.3 1 1
es-cli/odfe-cli/controller/profile/profile.go:89.59,91.16 2 1
es-cli/odfe-cli/controller/profile/profile.go:94.2,95.33 2 1
es-cli/odfe-cli/controller/profile/profile.go:91.16,93.3 1 1
es-cli/odfe-cli/controller/profile/profile.go:99.57,101.16 2 1
es-cli/odfe-cli/controller/profile/profile.go:104.2,105.29 2 1
es-cli/odfe-cli/controller/profile/profile.go:114.2,115.16 2 1
es-cli/odfe-cli/controller/profile/profile.go:120.2,121.32 2 1
es-cli/odfe-cli/controller/profile/profile.go:127.2,128.16 2 1
es-cli/odfe-cli/controller/profile/profile.go:133.2,133.34 1 1
es-cli/odfe-cli/controller/profile/profile.go:136.2,136.12 1 1
es-cli/odfe-cli/controller/profile/profile.go:101.16,103.3 1 1
es-cli/odfe-cli/controller/profile/profile.go:105.29,106.38 1 1
es-cli/odfe-cli/controller/profile/profile.go:110.3,110.28 1 1
es-cli/odfe-cli/controller/profile/profile.go:106.38,108.12 2 1
es-cli/odfe-cli/controller/profile/profile.go:115.16,117.3 1 0
es-cli/odfe-cli/controller/profile/profile.go:121.32,124.3 1 1
es-cli/odfe-cli/controller/profile/profile.go:128.16,130.3 1 1
es-cli/odfe-cli/controller/profile/profile.go:133.34,135.3 1 1
es-cli/odfe-cli/controller/profile/profile.go:144.100,146.16 2 1
es-cli/odfe-cli/controller/profile/profile.go:149.2,149.16 1 1
es-cli/odfe-cli/controller/profile/profile.go:153.2,153.75 1 1
es-cli/odfe-cli/controller/profile/profile.go:157.2,158.8 2 1
es-cli/odfe-cli/controller/profile/profile.go:146.16,148.3 1 1
es-cli/odfe-cli/controller/profile/profile.go:149.16,152.3 2 1
es-cli/odfe-cli/controller/profile/profile.go:153.75,156.3 2 1
es-cli/odfe-cli/commands/profile.go:53.47,55.17 2 0
es-cli/odfe-cli/commands/profile.go:59.3,60.17 2 0
es-cli/odfe-cli/commands/profile.go:55.17,58.4 2 0
es-cli/odfe-cli/commands/profile.go:60.17,63.4 2 0
es-cli/odfe-cli/commands/profile.go:73.47,75.17 2 0
es-cli/odfe-cli/commands/profile.go:79.3,80.17 2 0
es-cli/odfe-cli/commands/profile.go:75.17,78.4 2 0
es-cli/odfe-cli/commands/profile.go:80.17,83.4 2 0
es-cli/odfe-cli/commands/profile.go:88.13,92.2 3 1
es-cli/odfe-cli/commands/profile.go:95.76,97.16 2 1
es-cli/odfe-cli/commands/profile.go:100.2,102.31 3 1
es-cli/odfe-cli/commands/profile.go:97.16,99.3 1 0
es-cli/odfe-cli/commands/profile.go:106.109,108.16 2 1
es-cli/odfe-cli/commands/profile.go:111.2,112.16 2 1
es-cli/odfe-cli/commands/profile.go:115.2,116.67 2 1
es-cli/odfe-cli/commands/profile.go:119.2,119.12 1 1
es-cli/odfe-cli/commands/profile.go:108.16,110.3 1 0
es-cli/odfe-cli/commands/profile.go:112.16,114.3 1 0
es-cli/odfe-cli/commands/profile.go:116.67,118.3 1 0
es-cli/odfe-cli/commands/profile.go:124.73,126.6 2 0
es-cli/odfe-cli/commands/profile.go:134.2,145.3 7 0
es-cli/odfe-cli/commands/profile.go:126.6,129.37 3 0
es-cli/odfe-cli/commands/profile.go:132.3,132.51 1 0
es-cli/odfe-cli/commands/profile.go:129.37,130.9 1 0
es-cli/odfe-cli/commands/profile.go:149.59,153.24 3 0
es-cli/odfe-cli/commands/profile.go:156.2,156.36 1 0
es-cli/odfe-cli/commands/profile.go:153.24,155.3 1 0
es-cli/odfe-cli/commands/profile.go:160.46,161.20 1 0
es-cli/odfe-cli/commands/profile.go:165.2,165.13 1 0
es-cli/odfe-cli/commands/profile.go:161.20,164.3 2 0
es-cli/odfe-cli/commands/profile.go:170.65,172.16 2 0
es-cli/odfe-cli/commands/profile.go:176.2,177.21 2 0
es-cli/odfe-cli/commands/profile.go:180.2,181.14 2 0
es-cli/odfe-cli/commands/profile.go:172.16,175.3 2 0
es-cli/odfe-cli/commands/profile.go:177.21,179.3 1 0
es-cli/odfe-cli/commands/profile.go:184.63,186.16 2 0
es-cli/odfe-cli/commands/profile.go:189.2,189.47 1 0
es-cli/odfe-cli/commands/profile.go:186.16,188.3 1 0
es-cli/odfe-cli/commands/root.go:43.31,45.2 1 1
es-cli/odfe-cli/commands/root.go:48.22,51.2 2 0
es-cli/odfe-cli/commands/root.go:53.40,59.2 1 1
es-cli/odfe-cli/commands/root.go:61.46,62.50 1 1
es-cli/odfe-cli/commands/root.go:65.2,65.40 1 0
es-cli/odfe-cli/commands/root.go:68.2,68.11 1 0
es-cli/odfe-cli/commands/root.go:62.50,64.3 1 1
es-cli/odfe-cli/commands/root.go:65.40,67.3 1 0
es-cli/odfe-cli/commands/root.go:71.13,75.2 3 1
es-cli/odfe-cli/commands/root.go:78.64,80.27 1 1
es-cli/odfe-cli/commands/root.go:83.2,83.57 1 1
es-cli/odfe-cli/commands/root.go:86.2,86.61 1 0
es-cli/odfe-cli/commands/root.go:89.2,89.40 1 0
es-cli/odfe-cli/commands/root.go:80.27,82.3 1 1
es-cli/odfe-cli/commands/root.go:83.57,85.3 1 1
es-cli/odfe-cli/commands/root.go:86.61,88.3 1 0
es-cli/odfe-cli/commands/root.go:94.49,96.31 2 0
es-cli/odfe-cli/commands/root.go:99.2,100.27 2 0
es-cli/odfe-cli/commands/root.go:106.2,107.16 2 0
es-cli/odfe-cli/commands/root.go:110.2,110.18 1 0
es-cli/odfe-cli/commands/root.go:96.31,98.3 1 0
es-cli/odfe-cli/commands/root.go:100.27,102.17 2 0
es-cli/odfe-cli/commands/root.go:102.17,104.4 1 0
es-cli/odfe-cli/commands/root.go:107.16,109.3 1 0
es-cli/odfe-cli/commands/root.go:115.33,116.49 1 0
es-cli/odfe-cli/commands/root.go:119.2,119.13 1 0
es-cli/odfe-cli/commands/root.go:116.49,118.3 1 0
es-cli/odfe-cli/commands/root.go:123.46,124.16 1 0
es-cli/odfe-cli/commands/root.go:124.16,128.3 3 0
